;  LST file generated by mikroListExporter - v.2.0 
; Date/Time: 10/13/2020 4:40:57 PM
;----------------------------------------------

;Address Opcode 	ASM
0x0000	0x2803      	GOTO       3
_main:
;BlinkLed.c,15 :: 		void main() {
;BlinkLed.c,16 :: 		int i, count = 0;
;BlinkLed.c,18 :: 		DATA_TRIS = 0X00; //port D set as output
0x0003	0x1683      	BSF        STATUS, 5
0x0004	0x1303      	BCF        STATUS, 6
0x0005	0x0188      	CLRF       TRISD
;BlinkLed.c,21 :: 		TRISB.B4 = 0;
0x0006	0x1206      	BCF        TRISB, 4
;BlinkLed.c,22 :: 		TRISB.B5 = 0;
0x0007	0x1286      	BCF        TRISB, 5
;BlinkLed.c,23 :: 		TRISB.B6 = 0;
0x0008	0x1306      	BCF        TRISB, 6
;BlinkLed.c,24 :: 		TRISB.B7 = 0;
0x0009	0x1386      	BCF        TRISB, 7
;BlinkLed.c,25 :: 		DATA_PORT = 0XFF;
0x000A	0x30FF      	MOVLW      255
0x000B	0x1283      	BCF        STATUS, 5
0x000C	0x0088      	MOVWF      PORTD
;BlinkLed.c,27 :: 		while(1)
L_main0:
;BlinkLed.c,36 :: 		DATA_PORT = 0xFF;
0x000D	0x30FF      	MOVLW      255
0x000E	0x0088      	MOVWF      PORTD
;BlinkLed.c,37 :: 		Delay_ms(1000);
0x000F	0x300B      	MOVLW      11
0x0010	0x00FB      	MOVWF      R11
0x0011	0x3026      	MOVLW      38
0x0012	0x00FC      	MOVWF      R12
0x0013	0x305D      	MOVLW      93
0x0014	0x00FD      	MOVWF      R13
L_main2:
0x0015	0x0BFD      	DECFSZ     R13, 1
0x0016	0x2815      	GOTO       L_main2
0x0017	0x0BFC      	DECFSZ     R12, 1
0x0018	0x2815      	GOTO       L_main2
0x0019	0x0BFB      	DECFSZ     R11, 1
0x001A	0x2815      	GOTO       L_main2
0x001B	0x0000      	NOP
0x001C	0x0000      	NOP
;BlinkLed.c,38 :: 		DATA_PORT = 0x00;
0x001D	0x0188      	CLRF       PORTD
;BlinkLed.c,39 :: 		Delay_ms(1000);
0x001E	0x300B      	MOVLW      11
0x001F	0x00FB      	MOVWF      R11
0x0020	0x3026      	MOVLW      38
0x0021	0x00FC      	MOVWF      R12
0x0022	0x305D      	MOVLW      93
0x0023	0x00FD      	MOVWF      R13
L_main3:
0x0024	0x0BFD      	DECFSZ     R13, 1
0x0025	0x2824      	GOTO       L_main3
0x0026	0x0BFC      	DECFSZ     R12, 1
0x0027	0x2824      	GOTO       L_main3
0x0028	0x0BFB      	DECFSZ     R11, 1
0x0029	0x2824      	GOTO       L_main3
0x002A	0x0000      	NOP
0x002B	0x0000      	NOP
;BlinkLed.c,40 :: 		}
0x002C	0x280D      	GOTO       L_main0
;BlinkLed.c,42 :: 		}
L_end_main:
0x002D	0x282D      	GOTO       $+0
; end of _main
Symbol List:
//** Routines locations **
//ADDRESS    SIZE    PROCEDURE
//----------------------------------------------
0x0003      [43]    _main
//** Variables locations ** 
//ADDRESS    SIZE    VARIABLE
//----------------------------------------------
0x0000       [1]    INDF
0x0003       [1]    STATUS
0x0004       [1]    FSR
0x0008       [1]    PORTD
0x000A       [1]    PCLATH
0x0020       [2]    ___DoICPAddr
0x0070       [1]    R0
0x0071       [1]    R1
0x0072       [1]    R2
0x0073       [1]    R3
0x0074       [1]    R4
0x0075       [1]    R5
0x0076       [1]    R6
0x0077       [1]    R7
0x0078       [1]    R8
0x0079       [1]    R9
0x007A       [1]    R10
0x007B       [1]    R11
0x007C       [1]    R12
0x007D       [1]    R13
0x007E       [1]    R14
0x007F       [1]    R15
0x0086       [1]    TRISB
0x0088       [1]    TRISD
