;  LST file generated by mikroListExporter - v.2.0 
; Date/Time: 9/3/2020 11:57:57 PM
;----------------------------------------------

;Address Opcode 	ASM
0x0000	0x2818      	GOTO       24
_IC74595_Minute0_7:
;ic74595_lib.c,178 :: 		void IC74595_Minute0_7(unsigned char myData)
;ic74595_lib.c,181 :: 		for(i = 0; i < 8; i++)
0x0003	0x1283      	BCF        STATUS, 5
0x0004	0x1303      	BCF        STATUS, 6
0x0005	0x01F1      	CLRF       R1
L_IC74595_Minute0_740:
0x0006	0x3008      	MOVLW      8
0x0007	0x0271      	SUBWF      R1, 0
0x0008	0x1803      	BTFSC      STATUS, 0
0x0009	0x2815      	GOTO       L_IC74595_Minute0_741
;ic74595_lib.c,184 :: 		if(myData & 0x80) DSM0 = 1;
0x000A	0x1FA2      	BTFSS      FARG_IC74595_Minute0_7_myData, 7
0x000B	0x280E      	GOTO       L_IC74595_Minute0_743
0x000C	0x1408      	BSF        PORTD, 0
0x000D	0x280F      	GOTO       L_IC74595_Minute0_744
L_IC74595_Minute0_743:
;ic74595_lib.c,185 :: 		else DSM0 = 0;
0x000E	0x1008      	BCF        PORTD, 0
L_IC74595_Minute0_744:
;ic74595_lib.c,186 :: 		myData <<= 1;
0x000F	0x0DA2      	RLF        FARG_IC74595_Minute0_7_myData, 1
0x0010	0x1022      	BCF        FARG_IC74595_Minute0_7_myData, 0
;ic74595_lib.c,189 :: 		SH_CP1 = 0;
0x0011	0x1306      	BCF        PORTB, 6
;ic74595_lib.c,190 :: 		SH_CP1 = 1;
0x0012	0x1706      	BSF        PORTB, 6
;ic74595_lib.c,181 :: 		for(i = 0; i < 8; i++)
0x0013	0x0AF1      	INCF       R1, 1
;ic74595_lib.c,191 :: 		}
0x0014	0x2806      	GOTO       L_IC74595_Minute0_740
L_IC74595_Minute0_741:
;ic74595_lib.c,193 :: 		ST_CP1 = 0;
0x0015	0x1386      	BCF        PORTB, 7
;ic74595_lib.c,194 :: 		ST_CP1 = 1;
0x0016	0x1786      	BSF        PORTB, 7
;ic74595_lib.c,195 :: 		}
L_end_IC74595_Minute0_7:
0x0017	0x0008      	RETURN
; end of _IC74595_Minute0_7
_main:
;main.c,9 :: 		void main()
;main.c,11 :: 		int i = 0;
;main.c,12 :: 		CLOCK_TRIS = 0x00;
0x0018	0x1683      	BSF        STATUS, 5
0x0019	0x1303      	BCF        STATUS, 6
0x001A	0x0186      	CLRF       TRISB
;main.c,13 :: 		SECONDS_TRIS = 0x00;
0x001B	0x0187      	CLRF       TRISC
;main.c,14 :: 		MINUTE_TRIS = 0x00;
0x001C	0x0188      	CLRF       TRISD
;main.c,16 :: 		PORTB = 0x00;
0x001D	0x1283      	BCF        STATUS, 5
0x001E	0x0186      	CLRF       PORTB
;main.c,17 :: 		PORTC = 0x00;
0x001F	0x0187      	CLRF       PORTC
;main.c,18 :: 		PORTD = 0x00;
0x0020	0x0188      	CLRF       PORTD
;main.c,21 :: 		while(1)
L_main62:
;main.c,25 :: 		IC74595_Minute0_7(0x80);
0x0021	0x3080      	MOVLW      128
0x0022	0x00A2      	MOVWF      FARG_IC74595_Minute0_7_myData
0x0023	0x2003      	CALL       _IC74595_Minute0_7
;main.c,35 :: 		}
0x0024	0x2821      	GOTO       L_main62
;main.c,37 :: 		}
L_end_main:
0x0025	0x2825      	GOTO       $+0
; end of _main
Symbol List:
//** Routines locations **
//ADDRESS    SIZE    PROCEDURE
//----------------------------------------------
0x0003      [21]    _IC74595_Minute0_7
0x0018      [14]    _main
//** Variables locations ** 
//ADDRESS    SIZE    VARIABLE
//----------------------------------------------
0x0000       [1]    INDF
0x0003       [1]    STATUS
0x0004       [1]    FSR
0x0006       [0]    ST_CP1
0x0006       [0]    SH_CP1
0x0006       [1]    PORTB
0x0007       [1]    PORTC
0x0008       [0]    DSM0
0x0008       [1]    PORTD
0x000A       [1]    PCLATH
0x0020       [2]    ___DoICPAddr
0x0022       [1]    FARG_IC74595_Minute0_7_myData
0x0070       [1]    R0
0x0071       [1]    R1
0x0072       [1]    R2
0x0073       [1]    R3
0x0074       [1]    R4
0x0075       [1]    R5
0x0076       [1]    R6
0x0077       [1]    R7
0x0078       [1]    R8
0x0079       [1]    R9
0x007A       [1]    R10
0x007B       [1]    R11
0x007C       [1]    R12
0x007D       [1]    R13
0x007E       [1]    R14
0x007F       [1]    R15
0x0086       [1]    TRISB
0x0087       [1]    TRISC
0x0088       [1]    TRISD
