0	1	mikroCPIC1618.exe -MSF -DBG -pP16F877A -GC -DL -O11111114 -fo8 -N"D:\Hoc_PIC\Code_Begin\UART_Hercules_GLCD\UART_Hercules_GLCD.mcppi" -SP"C:\Users\Public\Documents\Mikroelektronika\mikroC PRO for PIC\Defs\" -SP"C:\Users\Public\Documents\Mikroelektronika\mikroC PRO for PIC\Uses\P16\" -SP"D:\Hoc_PIC\Code_Begin\UART_Hercules_GLCD\" -IP"C:\Users\Public\Documents\Mikroelektronika\mikroC PRO for PIC\Uses\P16\" "main.c" "myGLCD.c" "uart.c" "__Lib_Math.mcl" "__Lib_MathDouble.mcl" "__Lib_System.mcl" "__Lib_Delays.mcl" "__Lib_CType.mcl" "__Lib_CString.mcl"	 
hint: 0	1139	Available RAM: 352 [bytes], Available ROM: 8192 [bytes]	 
diagnostics: 0	122	Compilation Started	myglcd.h
diagnostics: 33	123	Compiled Successfully	main.c
hint: 6	1164	Variable 'getValue' has been eliminated by optimizer	main.c
diagnostics: 0	122	Compilation Started	myGLCD.c
diagnostics: 216	123	Compiled Successfully	myGLCD.c
hint: 200	1164	Variable 'i' has been eliminated by optimizer	myGLCD.c
diagnostics: 0	122	Compilation Started	uart.c
diagnostics: 62	123	Compiled Successfully	uart.c
hint: 3	1164	Variable 'value_register' has been eliminated by optimizer	uart.c
hint: 52	1164	Variable 'j' has been eliminated by optimizer	uart.c
diagnostics: 0	127	All files Compiled in 234 ms	 
hint: 0	1144	Used RAM (bytes): 37 (11%)  Free RAM (bytes): 315 (89%)	Used RAM (bytes): 37 (11%)  Free RAM (bytes): 315 (89%)
hint: 0	1144	Used ROM (program words): 1913 (23%)  Free ROM (program words): 6279 (77%)	Used ROM (program words): 1913 (23%)  Free ROM (program words): 6279 (77%)
diagnostics: 0	125	Project Linked Successfully	UART_Hercules_GLCD.mcppi
hint: 0	1004	COFF file successfully generated	COFF file successfully generated
diagnostics: 0	128	Linked in 203 ms	 
diagnostics: 0	129	Project 'UART_Hercules_GLCD.mcppi' completed: 468 ms	 
diagnostics: 0	103	Finished successfully: 29 Jul 2020, 23:35:13	UART_Hercules_GLCD.mcppi
