;  LST file generated by mikroListExporter - v.2.0 
; Date/Time: 8/28/2020 5:06:28 PM
;----------------------------------------------

;Address Opcode 	ASM
0x0000	0x2869      	GOTO       105
_____DoICP:
;__Lib_System.c,6 :: 		
;__Lib_System.c,9 :: 		
0x0003	0x1283      	BCF        STATUS, 5
0x0004	0x1303      	BCF        STATUS, 6
0x0005	0x0869      	MOVF       ___DoICPAddr+1, 0
0x0006	0x008A      	MOVWF      PCLATH
;__Lib_System.c,10 :: 		
0x0007	0x0868      	MOVF       ___DoICPAddr, 0
0x0008	0x0082      	MOVWF      PCL
;__Lib_System.c,12 :: 		
L_end_____DoICP:
0x0009	0x0008      	RETURN
; end of _____DoICP
_BlueTooth_SendByte:
;blueTooth.c,29 :: 		void BlueTooth_SendByte(char myData)
;blueTooth.c,31 :: 		TXREG = myData; //load the data to TX buffer
0x000A	0x1283      	BCF        STATUS, 5
0x000B	0x1303      	BCF        STATUS, 6
0x000C	0x086D      	MOVF       FARG_BlueTooth_SendByte_myData, 0
0x000D	0x0099      	MOVWF      TXREG
;blueTooth.c,32 :: 		while(!TXIF_bit); //wait complete transmitting
L_BlueTooth_SendByte0:
0x000E	0x1A0C      	BTFSC      TXIF_bit, BitPos(TXIF_bit+0)
0x000F	0x2811      	GOTO       L_BlueTooth_SendByte1
0x0010	0x280E      	GOTO       L_BlueTooth_SendByte0
L_BlueTooth_SendByte1:
;blueTooth.c,33 :: 		while(!TRMT_bit);
L_BlueTooth_SendByte2:
0x0011	0x1683      	BSF        STATUS, 5
0x0012	0x1898      	BTFSC      TRMT_bit, BitPos(TRMT_bit+0)
0x0013	0x2815      	GOTO       L_BlueTooth_SendByte3
0x0014	0x2811      	GOTO       L_BlueTooth_SendByte2
L_BlueTooth_SendByte3:
;blueTooth.c,35 :: 		}
L_end_BlueTooth_SendByte:
0x0015	0x0008      	RETURN
; end of _BlueTooth_SendByte
_BlueTooth_Init:
;blueTooth.c,2 :: 		void BlueTooth_Init(void)
;blueTooth.c,5 :: 		TRISC.B6 = 0; //TX pin set as output
0x0016	0x1683      	BSF        STATUS, 5
0x0017	0x1303      	BCF        STATUS, 6
0x0018	0x1307      	BCF        TRISC, 6
;blueTooth.c,6 :: 		TRISC.B7 = 1; //RX pin set as input
0x0019	0x1787      	BSF        TRISC, 7
;blueTooth.c,9 :: 		BRGH_bit = 1; //high baud rate
0x001A	0x1518      	BSF        BRGH_bit, BitPos(BRGH_bit+0)
;blueTooth.c,10 :: 		SPBRG = 51;
0x001B	0x3033      	MOVLW      51
0x001C	0x0099      	MOVWF      SPBRG
;blueTooth.c,13 :: 		SYNC_bit = 0; //Asynchronous mode
0x001D	0x1218      	BCF        SYNC_bit, BitPos(SYNC_bit+0)
;blueTooth.c,14 :: 		SPEN_bit = 1; //serial port enable
0x001E	0x1283      	BCF        STATUS, 5
0x001F	0x1798      	BSF        SPEN_bit, BitPos(SPEN_bit+0)
;blueTooth.c,17 :: 		TXEN_bit = 1; //transmit enable
0x0020	0x1683      	BSF        STATUS, 5
0x0021	0x1698      	BSF        TXEN_bit, BitPos(TXEN_bit+0)
;blueTooth.c,18 :: 		CREN_bit = 1; //enable continous receive
0x0022	0x1283      	BCF        STATUS, 5
0x0023	0x1618      	BSF        CREN_bit, BitPos(CREN_bit+0)
;blueTooth.c,19 :: 		TX9_bit = 0; //8 bits transmission
0x0024	0x1683      	BSF        STATUS, 5
0x0025	0x1318      	BCF        TX9_bit, BitPos(TX9_bit+0)
;blueTooth.c,20 :: 		RX9_bit = 0; //8 bits reception
0x0026	0x1283      	BCF        STATUS, 5
0x0027	0x1318      	BCF        RX9_bit, BitPos(RX9_bit+0)
;blueTooth.c,23 :: 		GIE_bit = 1; //enable global interrupt
0x0028	0x178B      	BSF        GIE_bit, BitPos(GIE_bit+0)
;blueTooth.c,24 :: 		PEIE_bit = 1; //enable peripharal interrupt
0x0029	0x170B      	BSF        PEIE_bit, BitPos(PEIE_bit+0)
;blueTooth.c,25 :: 		RCIE_bit = 1; //enable RX interrupt
0x002A	0x1683      	BSF        STATUS, 5
0x002B	0x168C      	BSF        RCIE_bit, BitPos(RCIE_bit+0)
;blueTooth.c,26 :: 		TXIE_bit = 1; //enable TX interrupt
0x002C	0x160C      	BSF        TXIE_bit, BitPos(TXIE_bit+0)
;blueTooth.c,27 :: 		}
L_end_BlueTooth_Init:
0x002D	0x0008      	RETURN
; end of _BlueTooth_Init
_BlueTooth_GetChar:
;blueTooth.c,46 :: 		char BlueTooth_GetChar(void)
;blueTooth.c,48 :: 		if(OERR_bit) //if Error flag = 1
0x002E	0x1283      	BCF        STATUS, 5
0x002F	0x1303      	BCF        STATUS, 6
0x0030	0x1C98      	BTFSS      OERR_bit, BitPos(OERR_bit+0)
0x0031	0x2834      	GOTO       L_BlueTooth_GetChar6
;blueTooth.c,50 :: 		CREN_bit = 0;
0x0032	0x1218      	BCF        CREN_bit, BitPos(CREN_bit+0)
;blueTooth.c,51 :: 		CREN_bit = 1;
0x0033	0x1618      	BSF        CREN_bit, BitPos(CREN_bit+0)
;blueTooth.c,52 :: 		}
L_BlueTooth_GetChar6:
;blueTooth.c,60 :: 		while(!RCIF_bit); //wait complete receive
L_BlueTooth_GetChar7:
0x0034	0x1A8C      	BTFSC      RCIF_bit, BitPos(RCIF_bit+0)
0x0035	0x2837      	GOTO       L_BlueTooth_GetChar8
0x0036	0x2834      	GOTO       L_BlueTooth_GetChar7
L_BlueTooth_GetChar8:
;blueTooth.c,61 :: 		return RCREG;
0x0037	0x081A      	MOVF       RCREG, 0
0x0038	0x00F0      	MOVWF      R0
;blueTooth.c,62 :: 		}
L_end_BlueTooth_GetChar:
0x0039	0x0008      	RETURN
; end of _BlueTooth_GetChar
___CC2DW:
;__Lib_System.c,134 :: 		
;__Lib_System.c,137 :: 		
_CC2D_Loop1:
;__Lib_System.c,139 :: 		
0x003A	0x2003      	CALL       _____DoICP
0x003B	0x118A      	BCF        PCLATH, 3
0x003C	0x120A      	BCF        PCLATH, 4
;__Lib_System.c,141 :: 		
0x003D	0x0080      	MOVWF      INDF
;__Lib_System.c,142 :: 		
0x003E	0x0A84      	INCF       FSR, 1
;__Lib_System.c,143 :: 		
0x003F	0x0AE8      	INCF       ___DoICPAddr, 1
;__Lib_System.c,145 :: 		
0x0040	0x1903      	BTFSC      STATUS, 2
;__Lib_System.c,146 :: 		
0x0041	0x0AE9      	INCF       ___DoICPAddr+1, 1
;__Lib_System.c,147 :: 		
0x0042	0x03F0      	DECF       R0, 1
;__Lib_System.c,149 :: 		
0x0043	0x1D03      	BTFSS      STATUS, 2
;__Lib_System.c,150 :: 		
0x0044	0x283A      	GOTO       _CC2D_Loop1
;__Lib_System.c,152 :: 		
L_end___CC2DW:
0x0045	0x0008      	RETURN
; end of ___CC2DW
_BlueTooth_Write:
;blueTooth.c,37 :: 		void BlueTooth_Write(char *str)
;blueTooth.c,39 :: 		while(*str) //if character != NULL
L_BlueTooth_Write4:
0x0046	0x1283      	BCF        STATUS, 5
0x0047	0x1303      	BCF        STATUS, 6
0x0048	0x086C      	MOVF       FARG_BlueTooth_Write_str, 0
0x0049	0x0084      	MOVWF      FSR
0x004A	0x0800      	MOVF       INDF, 0
0x004B	0x1903      	BTFSC      STATUS, 2
0x004C	0x2855      	GOTO       L_BlueTooth_Write5
;blueTooth.c,41 :: 		BlueTooth_SendByte(*str++);
0x004D	0x086C      	MOVF       FARG_BlueTooth_Write_str, 0
0x004E	0x0084      	MOVWF      FSR
0x004F	0x0800      	MOVF       INDF, 0
0x0050	0x00ED      	MOVWF      FARG_BlueTooth_SendByte_myData
0x0051	0x200A      	CALL       _BlueTooth_SendByte
0x0052	0x1283      	BCF        STATUS, 5
0x0053	0x0AEC      	INCF       FARG_BlueTooth_Write_str, 1
;blueTooth.c,42 :: 		}
0x0054	0x2846      	GOTO       L_BlueTooth_Write4
L_BlueTooth_Write5:
;blueTooth.c,43 :: 		}
L_end_BlueTooth_Write:
0x0055	0x0008      	RETURN
; end of _BlueTooth_Write
_BlueTooth_BroadCast:
;blueTooth.c,63 :: 		void BlueTooth_BroadCast(void)
;blueTooth.c,65 :: 		TXREG = 13;
0x0056	0x300D      	MOVLW      13
0x0057	0x1283      	BCF        STATUS, 5
0x0058	0x1303      	BCF        STATUS, 6
0x0059	0x0099      	MOVWF      TXREG
;blueTooth.c,66 :: 		Delay_ms(300);
0x005A	0x3004      	MOVLW      4
0x005B	0x00FB      	MOVWF      R11
0x005C	0x300C      	MOVLW      12
0x005D	0x00FC      	MOVWF      R12
0x005E	0x3033      	MOVLW      51
0x005F	0x00FD      	MOVWF      R13
L_BlueTooth_BroadCast9:
0x0060	0x0BFD      	DECFSZ     R13, 1
0x0061	0x2860      	GOTO       L_BlueTooth_BroadCast9
0x0062	0x0BFC      	DECFSZ     R12, 1
0x0063	0x2860      	GOTO       L_BlueTooth_BroadCast9
0x0064	0x0BFB      	DECFSZ     R11, 1
0x0065	0x2860      	GOTO       L_BlueTooth_BroadCast9
0x0066	0x0000      	NOP
0x0067	0x0000      	NOP
;blueTooth.c,67 :: 		}
L_end_BlueTooth_BroadCast:
0x0068	0x0008      	RETURN
; end of _BlueTooth_BroadCast
_main:
0x0069	0x213C      	CALL       316
;main.c,3 :: 		void main()
;main.c,5 :: 		int get_value = 0 ;
0x006A	0x1283      	BCF        STATUS, 5
0x006B	0x1303      	BCF        STATUS, 6
0x006C	0x01EA      	CLRF       main_get_value_L0
0x006D	0x01EB      	CLRF       main_get_value_L0+1
;main.c,7 :: 		TRISB3_bit = 0; //PB3 set as output
0x006E	0x1683      	BSF        STATUS, 5
0x006F	0x1186      	BCF        TRISB3_bit, BitPos(TRISB3_bit+0)
;main.c,8 :: 		PORTB.B3 = 0;
0x0070	0x1283      	BCF        STATUS, 5
0x0071	0x1186      	BCF        PORTB, 3
;main.c,9 :: 		TRISB4_bit = 0; //PB4 set as output
0x0072	0x1683      	BSF        STATUS, 5
0x0073	0x1206      	BCF        TRISB4_bit, BitPos(TRISB4_bit+0)
;main.c,10 :: 		PORTB.B4 = 0;
0x0074	0x1283      	BCF        STATUS, 5
0x0075	0x1206      	BCF        PORTB, 4
;main.c,11 :: 		BlueTooth_Init();
0x0076	0x2016      	CALL       _BlueTooth_Init
;main.c,14 :: 		BlueTooth_Write("Bluetooth Initialized and Ready");
0x0077	0x3020      	MOVLW      ?lstr1_main
0x0078	0x1283      	BCF        STATUS, 5
0x0079	0x00EC      	MOVWF      FARG_BlueTooth_Write_str
0x007A	0x2046      	CALL       _BlueTooth_Write
;main.c,15 :: 		BlueTooth_BroadCast();
0x007B	0x2056      	CALL       _BlueTooth_BroadCast
;main.c,16 :: 		BlueTooth_Write("Press 1 to turn on LED");
0x007C	0x30A0      	MOVLW      ?lstr2_main
0x007D	0x00EC      	MOVWF      FARG_BlueTooth_Write_str
0x007E	0x2046      	CALL       _BlueTooth_Write
;main.c,17 :: 		BlueTooth_BroadCast();
0x007F	0x2056      	CALL       _BlueTooth_BroadCast
;main.c,18 :: 		BlueTooth_Write("Press 0 to turn on LED");
0x0080	0x30B7      	MOVLW      ?lstr3_main
0x0081	0x00EC      	MOVWF      FARG_BlueTooth_Write_str
0x0082	0x2046      	CALL       _BlueTooth_Write
;main.c,19 :: 		BlueTooth_BroadCast();
0x0083	0x2056      	CALL       _BlueTooth_BroadCast
;main.c,21 :: 		while(1)
L_main0:
;main.c,23 :: 		get_value = BlueTooth_GetChar(); //read the char from BT
0x0084	0x202E      	CALL       _BlueTooth_GetChar
0x0085	0x0870      	MOVF       R0, 0
0x0086	0x00EA      	MOVWF      main_get_value_L0
0x0087	0x01EB      	CLRF       main_get_value_L0+1
;main.c,24 :: 		if(get_value == 1)
0x0088	0x3000      	MOVLW      0
0x0089	0x066B      	XORWF      main_get_value_L0+1, 0
0x008A	0x1D03      	BTFSS      STATUS, 2
0x008B	0x288E      	GOTO       L__main10
0x008C	0x3001      	MOVLW      1
0x008D	0x066A      	XORWF      main_get_value_L0, 0
L__main10:
0x008E	0x1D03      	BTFSS      STATUS, 2
0x008F	0x2896      	GOTO       L_main2
;main.c,27 :: 		PORTB.B3 = 1;
0x0090	0x1586      	BSF        PORTB, 3
;main.c,28 :: 		BlueTooth_Write("Led 1 ON");
0x0091	0x305F      	MOVLW      ?lstr4_main
0x0092	0x00EC      	MOVWF      FARG_BlueTooth_Write_str
0x0093	0x2046      	CALL       _BlueTooth_Write
;main.c,29 :: 		BlueTooth_BroadCast();
0x0094	0x2056      	CALL       _BlueTooth_BroadCast
;main.c,30 :: 		}
0x0095	0x28BF      	GOTO       L_main3
L_main2:
;main.c,31 :: 		else if(get_value == 0)
0x0096	0x3000      	MOVLW      0
0x0097	0x066B      	XORWF      main_get_value_L0+1, 0
0x0098	0x1D03      	BTFSS      STATUS, 2
0x0099	0x289C      	GOTO       L__main11
0x009A	0x3000      	MOVLW      0
0x009B	0x066A      	XORWF      main_get_value_L0, 0
L__main11:
0x009C	0x1D03      	BTFSS      STATUS, 2
0x009D	0x28A4      	GOTO       L_main4
;main.c,34 :: 		PORTB.B3 = 0;
0x009E	0x1186      	BCF        PORTB, 3
;main.c,35 :: 		BlueTooth_Write("Led 1 OFF ");
0x009F	0x3040      	MOVLW      ?lstr5_main
0x00A0	0x00EC      	MOVWF      FARG_BlueTooth_Write_str
0x00A1	0x2046      	CALL       _BlueTooth_Write
;main.c,36 :: 		BlueTooth_BroadCast();
0x00A2	0x2056      	CALL       _BlueTooth_BroadCast
;main.c,37 :: 		}
0x00A3	0x28BF      	GOTO       L_main5
L_main4:
;main.c,39 :: 		else if(get_value == 3)
0x00A4	0x3000      	MOVLW      0
0x00A5	0x066B      	XORWF      main_get_value_L0+1, 0
0x00A6	0x1D03      	BTFSS      STATUS, 2
0x00A7	0x28AA      	GOTO       L__main12
0x00A8	0x3003      	MOVLW      3
0x00A9	0x066A      	XORWF      main_get_value_L0, 0
L__main12:
0x00AA	0x1D03      	BTFSS      STATUS, 2
0x00AB	0x28B2      	GOTO       L_main6
;main.c,42 :: 		PORTB.B4 = 1;
0x00AC	0x1606      	BSF        PORTB, 4
;main.c,43 :: 		BlueTooth_Write("Led 2 ON ");
0x00AD	0x304B      	MOVLW      ?lstr6_main
0x00AE	0x00EC      	MOVWF      FARG_BlueTooth_Write_str
0x00AF	0x2046      	CALL       _BlueTooth_Write
;main.c,44 :: 		BlueTooth_BroadCast();
0x00B0	0x2056      	CALL       _BlueTooth_BroadCast
;main.c,45 :: 		}
0x00B1	0x28BF      	GOTO       L_main7
L_main6:
;main.c,46 :: 		else if(get_value == 4)
0x00B2	0x3000      	MOVLW      0
0x00B3	0x066B      	XORWF      main_get_value_L0+1, 0
0x00B4	0x1D03      	BTFSS      STATUS, 2
0x00B5	0x28B8      	GOTO       L__main13
0x00B6	0x3004      	MOVLW      4
0x00B7	0x066A      	XORWF      main_get_value_L0, 0
L__main13:
0x00B8	0x1D03      	BTFSS      STATUS, 2
0x00B9	0x28BF      	GOTO       L_main8
;main.c,49 :: 		PORTB.B4 = 0;
0x00BA	0x1206      	BCF        PORTB, 4
;main.c,50 :: 		BlueTooth_Write("Led 2 OFF");
0x00BB	0x3055      	MOVLW      ?lstr7_main
0x00BC	0x00EC      	MOVWF      FARG_BlueTooth_Write_str
0x00BD	0x2046      	CALL       _BlueTooth_Write
;main.c,51 :: 		BlueTooth_BroadCast();
0x00BE	0x2056      	CALL       _BlueTooth_BroadCast
;main.c,52 :: 		}
L_main8:
L_main7:
L_main5:
L_main3:
;main.c,53 :: 		}
0x00BF	0x2884      	GOTO       L_main0
;main.c,54 :: 		}
L_end_main:
0x00C0	0x28C0      	GOTO       $+0
; end of _main
0x013C	0x3020      	MOVLW      32
0x013D	0x0084      	MOVWF      FSR
0x013E	0x303F      	MOVLW      63
0x013F	0x1283      	BCF        STATUS, 5
0x0140	0x1303      	BCF        STATUS, 6
0x0141	0x00F0      	MOVWF      R0
0x0142	0x30C6      	MOVLW      198
0x0143	0x00E8      	MOVWF      ___DoICPAddr
0x0144	0x3000      	MOVLW      0
0x0145	0x00E9      	MOVWF      105
0x0146	0x203A      	CALL       58
0x0147	0x30A0      	MOVLW      160
0x0148	0x0084      	MOVWF      FSR
0x0149	0x302E      	MOVLW      46
0x014A	0x1303      	BCF        STATUS, 6
0x014B	0x00F0      	MOVWF      R0
0x014C	0x3005      	MOVLW      5
0x014D	0x00E8      	MOVWF      ___DoICPAddr
0x014E	0x3001      	MOVLW      1
0x014F	0x00E9      	MOVWF      105
0x0150	0x203A      	CALL       58
0x0151	0x305F      	MOVLW      95
0x0152	0x0084      	MOVWF      FSR
0x0153	0x3009      	MOVLW      9
0x0154	0x1303      	BCF        STATUS, 6
0x0155	0x00F0      	MOVWF      R0
0x0156	0x3033      	MOVLW      51
0x0157	0x00E8      	MOVWF      ___DoICPAddr
0x0158	0x3001      	MOVLW      1
0x0159	0x00E9      	MOVWF      105
0x015A	0x203A      	CALL       58
0x015B	0x0008      	RETURN
;main.c,0 :: ?ICS?lstr1_main
0x00C6	0x3442 ;?ICS?lstr1_main+0
0x00C7	0x346C ;?ICS?lstr1_main+1
0x00C8	0x3475 ;?ICS?lstr1_main+2
0x00C9	0x3465 ;?ICS?lstr1_main+3
0x00CA	0x3474 ;?ICS?lstr1_main+4
0x00CB	0x346F ;?ICS?lstr1_main+5
0x00CC	0x346F ;?ICS?lstr1_main+6
0x00CD	0x3474 ;?ICS?lstr1_main+7
0x00CE	0x3468 ;?ICS?lstr1_main+8
0x00CF	0x3420 ;?ICS?lstr1_main+9
0x00D0	0x3449 ;?ICS?lstr1_main+10
0x00D1	0x346E ;?ICS?lstr1_main+11
0x00D2	0x3469 ;?ICS?lstr1_main+12
0x00D3	0x3474 ;?ICS?lstr1_main+13
0x00D4	0x3469 ;?ICS?lstr1_main+14
0x00D5	0x3461 ;?ICS?lstr1_main+15
0x00D6	0x346C ;?ICS?lstr1_main+16
0x00D7	0x3469 ;?ICS?lstr1_main+17
0x00D8	0x347A ;?ICS?lstr1_main+18
0x00D9	0x3465 ;?ICS?lstr1_main+19
0x00DA	0x3464 ;?ICS?lstr1_main+20
0x00DB	0x3420 ;?ICS?lstr1_main+21
0x00DC	0x3461 ;?ICS?lstr1_main+22
0x00DD	0x346E ;?ICS?lstr1_main+23
0x00DE	0x3464 ;?ICS?lstr1_main+24
0x00DF	0x3420 ;?ICS?lstr1_main+25
0x00E0	0x3452 ;?ICS?lstr1_main+26
0x00E1	0x3465 ;?ICS?lstr1_main+27
0x00E2	0x3461 ;?ICS?lstr1_main+28
0x00E3	0x3464 ;?ICS?lstr1_main+29
0x00E4	0x3479 ;?ICS?lstr1_main+30
0x00E5	0x3400 ;?ICS?lstr1_main+31
; end of ?ICS?lstr1_main
;main.c,0 :: ?ICS?lstr5_main
0x00E6	0x344C ;?ICS?lstr5_main+0
0x00E7	0x3465 ;?ICS?lstr5_main+1
0x00E8	0x3464 ;?ICS?lstr5_main+2
0x00E9	0x3420 ;?ICS?lstr5_main+3
0x00EA	0x3431 ;?ICS?lstr5_main+4
0x00EB	0x3420 ;?ICS?lstr5_main+5
0x00EC	0x344F ;?ICS?lstr5_main+6
0x00ED	0x3446 ;?ICS?lstr5_main+7
0x00EE	0x3446 ;?ICS?lstr5_main+8
0x00EF	0x3420 ;?ICS?lstr5_main+9
0x00F0	0x3400 ;?ICS?lstr5_main+10
; end of ?ICS?lstr5_main
;main.c,0 :: ?ICS?lstr6_main
0x00F1	0x344C ;?ICS?lstr6_main+0
0x00F2	0x3465 ;?ICS?lstr6_main+1
0x00F3	0x3464 ;?ICS?lstr6_main+2
0x00F4	0x3420 ;?ICS?lstr6_main+3
0x00F5	0x3432 ;?ICS?lstr6_main+4
0x00F6	0x3420 ;?ICS?lstr6_main+5
0x00F7	0x344F ;?ICS?lstr6_main+6
0x00F8	0x344E ;?ICS?lstr6_main+7
0x00F9	0x3420 ;?ICS?lstr6_main+8
0x00FA	0x3400 ;?ICS?lstr6_main+9
; end of ?ICS?lstr6_main
;main.c,0 :: ?ICS?lstr7_main
0x00FB	0x344C ;?ICS?lstr7_main+0
0x00FC	0x3465 ;?ICS?lstr7_main+1
0x00FD	0x3464 ;?ICS?lstr7_main+2
0x00FE	0x3420 ;?ICS?lstr7_main+3
0x00FF	0x3432 ;?ICS?lstr7_main+4
0x0100	0x3420 ;?ICS?lstr7_main+5
0x0101	0x344F ;?ICS?lstr7_main+6
0x0102	0x3446 ;?ICS?lstr7_main+7
0x0103	0x3446 ;?ICS?lstr7_main+8
0x0104	0x3400 ;?ICS?lstr7_main+9
; end of ?ICS?lstr7_main
;main.c,0 :: ?ICS?lstr2_main
0x0105	0x3450 ;?ICS?lstr2_main+0
0x0106	0x3472 ;?ICS?lstr2_main+1
0x0107	0x3465 ;?ICS?lstr2_main+2
0x0108	0x3473 ;?ICS?lstr2_main+3
0x0109	0x3473 ;?ICS?lstr2_main+4
0x010A	0x3420 ;?ICS?lstr2_main+5
0x010B	0x3431 ;?ICS?lstr2_main+6
0x010C	0x3420 ;?ICS?lstr2_main+7
0x010D	0x3474 ;?ICS?lstr2_main+8
0x010E	0x346F ;?ICS?lstr2_main+9
0x010F	0x3420 ;?ICS?lstr2_main+10
0x0110	0x3474 ;?ICS?lstr2_main+11
0x0111	0x3475 ;?ICS?lstr2_main+12
0x0112	0x3472 ;?ICS?lstr2_main+13
0x0113	0x346E ;?ICS?lstr2_main+14
0x0114	0x3420 ;?ICS?lstr2_main+15
0x0115	0x346F ;?ICS?lstr2_main+16
0x0116	0x346E ;?ICS?lstr2_main+17
0x0117	0x3420 ;?ICS?lstr2_main+18
0x0118	0x344C ;?ICS?lstr2_main+19
0x0119	0x3445 ;?ICS?lstr2_main+20
0x011A	0x3444 ;?ICS?lstr2_main+21
0x011B	0x3400 ;?ICS?lstr2_main+22
; end of ?ICS?lstr2_main
;main.c,0 :: ?ICS?lstr3_main
0x011C	0x3450 ;?ICS?lstr3_main+0
0x011D	0x3472 ;?ICS?lstr3_main+1
0x011E	0x3465 ;?ICS?lstr3_main+2
0x011F	0x3473 ;?ICS?lstr3_main+3
0x0120	0x3473 ;?ICS?lstr3_main+4
0x0121	0x3420 ;?ICS?lstr3_main+5
0x0122	0x3430 ;?ICS?lstr3_main+6
0x0123	0x3420 ;?ICS?lstr3_main+7
0x0124	0x3474 ;?ICS?lstr3_main+8
0x0125	0x346F ;?ICS?lstr3_main+9
0x0126	0x3420 ;?ICS?lstr3_main+10
0x0127	0x3474 ;?ICS?lstr3_main+11
0x0128	0x3475 ;?ICS?lstr3_main+12
0x0129	0x3472 ;?ICS?lstr3_main+13
0x012A	0x346E ;?ICS?lstr3_main+14
0x012B	0x3420 ;?ICS?lstr3_main+15
0x012C	0x346F ;?ICS?lstr3_main+16
0x012D	0x346E ;?ICS?lstr3_main+17
0x012E	0x3420 ;?ICS?lstr3_main+18
0x012F	0x344C ;?ICS?lstr3_main+19
0x0130	0x3445 ;?ICS?lstr3_main+20
0x0131	0x3444 ;?ICS?lstr3_main+21
0x0132	0x3400 ;?ICS?lstr3_main+22
; end of ?ICS?lstr3_main
;main.c,0 :: ?ICS?lstr4_main
0x0133	0x344C ;?ICS?lstr4_main+0
0x0134	0x3465 ;?ICS?lstr4_main+1
0x0135	0x3464 ;?ICS?lstr4_main+2
0x0136	0x3420 ;?ICS?lstr4_main+3
0x0137	0x3431 ;?ICS?lstr4_main+4
0x0138	0x3420 ;?ICS?lstr4_main+5
0x0139	0x344F ;?ICS?lstr4_main+6
0x013A	0x344E ;?ICS?lstr4_main+7
0x013B	0x3400 ;?ICS?lstr4_main+8
; end of ?ICS?lstr4_main
Symbol List:
//** Routines locations **
//ADDRESS    SIZE    PROCEDURE
//----------------------------------------------
0x0003       [7]    _____DoICP
0x000A      [12]    _BlueTooth_SendByte
0x0016      [24]    _BlueTooth_Init
0x002E      [12]    _BlueTooth_GetChar
0x003A      [12]    ___CC2DW
0x0046      [16]    _BlueTooth_Write
0x0056      [19]    _BlueTooth_BroadCast
0x0069      [87]    _main
//** Variables locations ** 
//ADDRESS    SIZE    VARIABLE
//----------------------------------------------
0x0000       [1]    INDF
0x0002       [1]    PCL
0x0003       [1]    STATUS
0x0004       [1]    FSR
0x0006       [1]    PORTB
0x000A       [1]    PCLATH
0x000B       [0]    GIE_bit
0x000B       [0]    PEIE_bit
0x000C       [0]    RCIF_bit
0x000C       [0]    TXIF_bit
0x0018       [0]    RX9_bit
0x0018       [0]    OERR_bit
0x0018       [0]    SPEN_bit
0x0018       [0]    CREN_bit
0x0019       [1]    TXREG
0x001A       [1]    RCREG
0x0020      [32]    ?lstr1_main
0x0040      [11]    ?lstr5_main
0x004B      [10]    ?lstr6_main
0x0055      [10]    ?lstr7_main
0x005F       [9]    ?lstr4_main
0x0068       [2]    ___DoICPAddr
0x006A       [2]    main_get_value_L0
0x006C       [1]    FARG_BlueTooth_Write_str
0x006D       [1]    FARG_BlueTooth_SendByte_myData
0x0070       [1]    R0
0x0071       [1]    R1
0x0072       [1]    R2
0x0073       [1]    R3
0x0074       [1]    R4
0x0075       [1]    R5
0x0076       [1]    R6
0x0077       [1]    R7
0x0078       [1]    R8
0x0079       [1]    R9
0x007A       [1]    R10
0x007B       [1]    R11
0x007C       [1]    R12
0x007D       [1]    R13
0x007E       [1]    R14
0x007F       [1]    R15
0x0086       [0]    TRISB3_bit
0x0086       [0]    TRISB4_bit
0x0087       [1]    TRISC
0x008C       [0]    TXIE_bit
0x008C       [0]    RCIE_bit
0x0098       [0]    TX9_bit
0x0098       [0]    TXEN_bit
0x0098       [0]    TRMT_bit
0x0098       [0]    SYNC_bit
0x0098       [0]    BRGH_bit
0x0099       [1]    SPBRG
0x00A0      [23]    ?lstr2_main
0x00B7      [23]    ?lstr3_main
//** Constants locations ** 
//ADDRESS    SIZE    CONSTANT
//----------------------------------------------
0x00C6      [32]    ?ICS?lstr1_main
0x00E6      [11]    ?ICS?lstr5_main
0x00F1      [10]    ?ICS?lstr6_main
0x00FB      [10]    ?ICS?lstr7_main
0x0105      [23]    ?ICS?lstr2_main
0x011C      [23]    ?ICS?lstr3_main
0x0133       [9]    ?ICS?lstr4_main
