;  LST file generated by mikroListExporter - v.2.0 
; Date/Time: 6/30/2020 1:10:48 AM
;----------------------------------------------

;Address Opcode 	ASM
0x0000	0x2953      	GOTO       339
_____DoICP:
;__Lib_System.c,6 :: 		
;__Lib_System.c,9 :: 		
0x0003	0x1283      	BCF        STATUS, 5
0x0004	0x1303      	BCF        STATUS, 6
0x0005	0x0821      	MOVF       ___DoICPAddr+1, 0
0x0006	0x008A      	MOVWF      PCLATH
;__Lib_System.c,10 :: 		
0x0007	0x0820      	MOVF       ___DoICPAddr, 0
0x0008	0x0082      	MOVWF      PCL
;__Lib_System.c,12 :: 		
L_end_____DoICP:
0x0009	0x0008      	RETURN
; end of _____DoICP
_Div_16x16_S_L:
;__Lib_Math.c,421 :: 		
;__Lib_Math.c,427 :: 		
0x000A	0x0D71      	RLF        R1, 0
;__Lib_Math.c,428 :: 		
0x000B	0x0DF8      	RLF        R8, 1
;__Lib_Math.c,429 :: 		
0x000C	0x0DF9      	RLF        R9, 1
;__Lib_Math.c,430 :: 		
0x000D	0x0874      	MOVF       R4, 0
;__Lib_Math.c,431 :: 		
0x000E	0x02F8      	SUBWF      R8, 1
;__Lib_Math.c,432 :: 		
0x000F	0x0875      	MOVF       R5, 0
;__Lib_Math.c,433 :: 		
0x0010	0x1C03      	BTFSS      STATUS, 0
;__Lib_Math.c,434 :: 		
0x0011	0x0F75      	INCFSZ     R5, 0
;__Lib_Math.c,435 :: 		
0x0012	0x02F9      	SUBWF      R9, 1
;__Lib_Math.c,436 :: 		
0x0013	0x0DF0      	RLF        R0, 1
;__Lib_Math.c,437 :: 		
0x0014	0x0DF1      	RLF        R1, 1
;__Lib_Math.c,439 :: 		
0x0015	0x300F      	MOVLW      15
;__Lib_Math.c,440 :: 		
0x0016	0x00FC      	MOVWF      R12
;__Lib_Math.c,442 :: 		
0x0017	0x0D71      	RLF        R1, 0
;__Lib_Math.c,443 :: 		
0x0018	0x0DF8      	RLF        R8, 1
;__Lib_Math.c,444 :: 		
0x0019	0x0DF9      	RLF        R9, 1
;__Lib_Math.c,445 :: 		
0x001A	0x0874      	MOVF       R4, 0
;__Lib_Math.c,447 :: 		
0x001B	0x1C70      	BTFSS      R0, 0
;__Lib_Math.c,448 :: 		
0x001C	0x2823      	GOTO       $+7
;__Lib_Math.c,449 :: 		
0x001D	0x02F8      	SUBWF      R8, 1
;__Lib_Math.c,450 :: 		
0x001E	0x0875      	MOVF       R5, 0
;__Lib_Math.c,451 :: 		
0x001F	0x1C03      	BTFSS      STATUS, 0
;__Lib_Math.c,452 :: 		
0x0020	0x0F75      	INCFSZ     R5, 0
;__Lib_Math.c,453 :: 		
0x0021	0x02F9      	SUBWF      R9, 1
;__Lib_Math.c,454 :: 		
0x0022	0x2828      	GOTO       $+6
;__Lib_Math.c,456 :: 		
0x0023	0x07F8      	ADDWF      R8, 1
;__Lib_Math.c,457 :: 		
0x0024	0x0875      	MOVF       R5, 0
;__Lib_Math.c,458 :: 		
0x0025	0x1803      	BTFSC      STATUS, 0
;__Lib_Math.c,459 :: 		
0x0026	0x0F75      	INCFSZ     R5, 0
;__Lib_Math.c,460 :: 		
0x0027	0x07F9      	ADDWF      R9, 1
;__Lib_Math.c,462 :: 		
0x0028	0x0DF0      	RLF        R0, 1
;__Lib_Math.c,463 :: 		
0x0029	0x0DF1      	RLF        R1, 1
;__Lib_Math.c,465 :: 		
0x002A	0x0BFC      	DECFSZ     R12, 1
;__Lib_Math.c,466 :: 		
0x002B	0x2817      	GOTO       $-20
;__Lib_Math.c,468 :: 		
0x002C	0x1870      	BTFSC      R0, 0
;__Lib_Math.c,469 :: 		
0x002D	0x2834      	GOTO       $+7
;__Lib_Math.c,470 :: 		
0x002E	0x0874      	MOVF       R4, 0
;__Lib_Math.c,471 :: 		
0x002F	0x07F8      	ADDWF      R8, 1
;__Lib_Math.c,472 :: 		
0x0030	0x0875      	MOVF       R5, 0
;__Lib_Math.c,473 :: 		
0x0031	0x1803      	BTFSC      STATUS, 0
;__Lib_Math.c,474 :: 		
0x0032	0x0F75      	INCFSZ     R5, 0
;__Lib_Math.c,475 :: 		
0x0033	0x07F9      	ADDWF      R9, 1
;__Lib_Math.c,476 :: 		
0x0034	0x0000      	NOP
;__Lib_Math.c,478 :: 		
L_end_Div_16x16_S_L:
0x0035	0x0008      	RETURN
; end of _Div_16x16_S_L
_Div_16x16_S:
;__Lib_Math.c,480 :: 		
;__Lib_Math.c,488 :: 		
0x0036	0x1283      	BCF        STATUS, 5
0x0037	0x1303      	BCF        STATUS, 6
0x0038	0x0874      	MOVF       R4, 0
0x0039	0x3A00      	XORLW      0
0x003A	0x1D03      	BTFSS      STATUS, 2
0x003B	0x2845      	GOTO       L_Div_16x16_S0
;__Lib_Math.c,489 :: 		
0x003C	0x0875      	MOVF       R5, 0
0x003D	0x3A00      	XORLW      0
0x003E	0x1D03      	BTFSS      STATUS, 2
0x003F	0x2845      	GOTO       L_Div_16x16_S1
;__Lib_Math.c,490 :: 		
0x0040	0x30FF      	MOVLW      255
0x0041	0x00F0      	MOVWF      R0
;__Lib_Math.c,491 :: 		
0x0042	0x307F      	MOVLW      127
0x0043	0x00F1      	MOVWF      R1
;__Lib_Math.c,492 :: 		
0x0044	0x289E      	GOTO       L_end_Div_16x16_S
;__Lib_Math.c,493 :: 		
L_Div_16x16_S1:
L_Div_16x16_S0:
;__Lib_Math.c,496 :: 		
0x0045	0x1283      	BCF        STATUS, 5
;__Lib_Math.c,497 :: 		
0x0046	0x1303      	BCF        STATUS, 6
;__Lib_Math.c,498 :: 		
0x0047	0x01FD      	CLRF       R13
;__Lib_Math.c,499 :: 		
0x0048	0x01F9      	CLRF       R9
;__Lib_Math.c,500 :: 		
0x0049	0x01F8      	CLRF       R8
;__Lib_Math.c,501 :: 		
0x004A	0x0871      	MOVF       R1, 0
;__Lib_Math.c,502 :: 		
0x004B	0x0470      	IORWF      R0, 0
;__Lib_Math.c,503 :: 		
0x004C	0x1903      	BTFSC      STATUS, 2
;__Lib_Math.c,504 :: 		
0x004D	0x3400      	RETLW      0
;__Lib_Math.c,506 :: 		
0x004E	0x0871      	MOVF       R1, 0
;__Lib_Math.c,507 :: 		
0x004F	0x0675      	XORWF      R5, 0
;__Lib_Math.c,508 :: 		
0x0050	0x00FA      	MOVWF      R10
;__Lib_Math.c,509 :: 		
0x0051	0x1BFA      	BTFSC      R10, 7
;__Lib_Math.c,510 :: 		
0x0052	0x09FD      	COMF       R13, 1
;__Lib_Math.c,512 :: 		
0x0053	0x01FB      	CLRF       R11
;__Lib_Math.c,514 :: 		
0x0054	0x1FF5      	BTFSS      R5, 7
;__Lib_Math.c,515 :: 		
0x0055	0x285B      	GOTO       $+6
;__Lib_Math.c,517 :: 		
0x0056	0x09F4      	COMF       R4, 1
;__Lib_Math.c,518 :: 		
0x0057	0x09F5      	COMF       R5, 1
;__Lib_Math.c,519 :: 		
0x0058	0x0AF4      	INCF       R4, 1
;__Lib_Math.c,520 :: 		
0x0059	0x1903      	BTFSC      STATUS, 2
;__Lib_Math.c,521 :: 		
0x005A	0x0AF5      	INCF       R5, 1
;__Lib_Math.c,523 :: 		
0x005B	0x1FF1      	BTFSS      R1, 7
;__Lib_Math.c,524 :: 		
0x005C	0x2862      	GOTO       $+6
;__Lib_Math.c,526 :: 		
0x005D	0x09F0      	COMF       R0, 1
;__Lib_Math.c,527 :: 		
0x005E	0x09F1      	COMF       R1, 1
;__Lib_Math.c,528 :: 		
0x005F	0x0AF0      	INCF       R0, 1
;__Lib_Math.c,529 :: 		
0x0060	0x1903      	BTFSC      STATUS, 2
;__Lib_Math.c,530 :: 		
0x0061	0x0AF1      	INCF       R1, 1
;__Lib_Math.c,532 :: 		
0x0062	0x0871      	MOVF       R1, 0
;__Lib_Math.c,533 :: 		
0x0063	0x0475      	IORWF      R5, 0
;__Lib_Math.c,534 :: 		
0x0064	0x00FA      	MOVWF      R10
;__Lib_Math.c,535 :: 		
0x0065	0x1BFA      	BTFSC      R10, 7
;__Lib_Math.c,536 :: 		
0x0066	0x2877      	GOTO       $+17
;__Lib_Math.c,538 :: 		
0x0067	0x200A      	CALL       _Div_16x16_S_L
;__Lib_Math.c,540 :: 		
0x0068	0x187B      	BTFSC      R11, 0
;__Lib_Math.c,541 :: 		
0x0069	0x288A      	GOTO       $+33
;__Lib_Math.c,543 :: 		
0x006A	0x1FFD      	BTFSS      R13, 7
;__Lib_Math.c,544 :: 		
0x006B	0x3400      	RETLW      0
;__Lib_Math.c,546 :: 		
0x006C	0x09F0      	COMF       R0, 1
;__Lib_Math.c,547 :: 		
0x006D	0x09F1      	COMF       R1, 1
;__Lib_Math.c,548 :: 		
0x006E	0x0AF0      	INCF       R0, 1
;__Lib_Math.c,549 :: 		
0x006F	0x1903      	BTFSC      STATUS, 2
;__Lib_Math.c,550 :: 		
0x0070	0x0AF1      	INCF       R1, 1
;__Lib_Math.c,552 :: 		
0x0071	0x09F8      	COMF       R8, 1
;__Lib_Math.c,553 :: 		
0x0072	0x09F9      	COMF       R9, 1
;__Lib_Math.c,554 :: 		
0x0073	0x0AF8      	INCF       R8, 1
;__Lib_Math.c,555 :: 		
0x0074	0x1903      	BTFSC      STATUS, 2
;__Lib_Math.c,556 :: 		
0x0075	0x0AF9      	INCF       R9, 1
;__Lib_Math.c,558 :: 		
0x0076	0x3400      	RETLW      0
;__Lib_Math.c,560 :: 		
0x0077	0x1FF5      	BTFSS      R5, 7
;__Lib_Math.c,561 :: 		
0x0078	0x2886      	GOTO       $+14
;__Lib_Math.c,562 :: 		
0x0079	0x1BF1      	BTFSC      R1, 7
;__Lib_Math.c,563 :: 		
0x007A	0x2882      	GOTO       $+8
;__Lib_Math.c,564 :: 		
0x007B	0x0871      	MOVF       R1, 0
;__Lib_Math.c,565 :: 		
0x007C	0x00F9      	MOVWF      R9
;__Lib_Math.c,566 :: 		
0x007D	0x0870      	MOVF       R0, 0
;__Lib_Math.c,567 :: 		
0x007E	0x00F8      	MOVWF      R8
;__Lib_Math.c,568 :: 		
0x007F	0x01F1      	CLRF       R1
;__Lib_Math.c,569 :: 		
0x0080	0x01F0      	CLRF       R0
;__Lib_Math.c,570 :: 		
0x0081	0x286A      	GOTO       $-23
;__Lib_Math.c,571 :: 		
0x0082	0x01F1      	CLRF       R1
;__Lib_Math.c,572 :: 		
0x0083	0x01F0      	CLRF       R0
;__Lib_Math.c,573 :: 		
0x0084	0x0AF0      	INCF       R0, 1
;__Lib_Math.c,574 :: 		
0x0085	0x3400      	RETLW      0
;__Lib_Math.c,576 :: 		
0x0086	0x09F1      	COMF       R1, 1
;__Lib_Math.c,577 :: 		
0x0087	0x09F0      	COMF       R0, 1
;__Lib_Math.c,578 :: 		
0x0088	0x0AFB      	INCF       R11, 1
;__Lib_Math.c,579 :: 		
0x0089	0x2867      	GOTO       $-34
;__Lib_Math.c,581 :: 		
0x008A	0x0AF8      	INCF       R8, 1
;__Lib_Math.c,582 :: 		
0x008B	0x1903      	BTFSC      STATUS, 2
;__Lib_Math.c,583 :: 		
0x008C	0x0AF9      	INCF       R9, 1
;__Lib_Math.c,584 :: 		
0x008D	0x0874      	MOVF       R4, 0
;__Lib_Math.c,585 :: 		
0x008E	0x0278      	SUBWF      R8, 0
;__Lib_Math.c,586 :: 		
0x008F	0x1D03      	BTFSS      STATUS, 2
;__Lib_Math.c,587 :: 		
0x0090	0x286A      	GOTO       $-38
;__Lib_Math.c,588 :: 		
0x0091	0x0875      	MOVF       R5, 0
;__Lib_Math.c,589 :: 		
0x0092	0x0279      	SUBWF      R9, 0
;__Lib_Math.c,590 :: 		
0x0093	0x1D03      	BTFSS      STATUS, 2
;__Lib_Math.c,591 :: 		
0x0094	0x286A      	GOTO       $-42
;__Lib_Math.c,592 :: 		
0x0095	0x01F9      	CLRF       R9
;__Lib_Math.c,593 :: 		
0x0096	0x01F8      	CLRF       R8
;__Lib_Math.c,594 :: 		
0x0097	0x0AF0      	INCF       R0, 1
;__Lib_Math.c,595 :: 		
0x0098	0x1903      	BTFSC      STATUS, 2
;__Lib_Math.c,596 :: 		
0x0099	0x0AF1      	INCF       R1, 1
;__Lib_Math.c,597 :: 		
0x009A	0x1FF1      	BTFSS      R1, 7
;__Lib_Math.c,598 :: 		
0x009B	0x286A      	GOTO       $-49
;__Lib_Math.c,599 :: 		
0x009C	0x0000      	NOP
;__Lib_Math.c,600 :: 		
0x009D	0x34FF      	RETLW      255
;__Lib_Math.c,602 :: 		
L_end_Div_16x16_S:
0x009E	0x0008      	RETURN
; end of _Div_16x16_S
_Hien_Thi_ChuSo:
;led7Seg.c,9 :: 		void Hien_Thi_ChuSo(int number)
;led7Seg.c,11 :: 		PORTD =  arr_number[number];
0x009F	0x1283      	BCF        STATUS, 5
0x00A0	0x1303      	BCF        STATUS, 6
0x00A1	0x0830      	MOVF       FARG_Hien_Thi_ChuSo_number, 0
0x00A2	0x3E7D      	ADDLW      _arr_number
0x00A3	0x00F0      	MOVWF      R0
0x00A4	0x3001      	MOVLW      hi_addr(_arr_number)
0x00A5	0x1803      	BTFSC      STATUS, 0
0x00A6	0x3E01      	ADDLW      1
0x00A7	0x0731      	ADDWF      FARG_Hien_Thi_ChuSo_number+1, 0
0x00A8	0x00F1      	MOVWF      R0+1
0x00A9	0x0870      	MOVF       R0, 0
0x00AA	0x00A0      	MOVWF      ___DoICPAddr
0x00AB	0x0871      	MOVF       R0+1, 0
0x00AC	0x00A1      	MOVWF      ___DoICPAddr+1
0x00AD	0x2003      	CALL       _____DoICP
0x00AE	0x118A      	BCF        PCLATH, 3
0x00AF	0x120A      	BCF        PCLATH, 4
0x00B0	0x0088      	MOVWF      PORTD
;led7Seg.c,12 :: 		}
L_end_Hien_Thi_ChuSo:
0x00B1	0x0008      	RETURN
; end of _Hien_Thi_ChuSo
_Led7_Quartet:
;led7Seg.c,30 :: 		void Led7_Quartet(int number)
;led7Seg.c,32 :: 		int hangNghin = number / 1000;
0x00B2	0x30E8      	MOVLW      232
0x00B3	0x1283      	BCF        STATUS, 5
0x00B4	0x1303      	BCF        STATUS, 6
0x00B5	0x00F4      	MOVWF      R4
0x00B6	0x3003      	MOVLW      3
0x00B7	0x00F5      	MOVWF      R4+1
0x00B8	0x0824      	MOVF       FARG_Led7_Quartet_number, 0
0x00B9	0x00F0      	MOVWF      R0
0x00BA	0x0825      	MOVF       FARG_Led7_Quartet_number+1, 0
0x00BB	0x00F1      	MOVWF      R0+1
0x00BC	0x2036      	CALL       _Div_16x16_S
0x00BD	0x0870      	MOVF       R0, 0
0x00BE	0x00AE      	MOVWF      FLOC__Led7_Quartet+2
0x00BF	0x0871      	MOVF       R0+1, 0
0x00C0	0x00AF      	MOVWF      FLOC__Led7_Quartet+3
0x00C1	0x30E8      	MOVLW      232
0x00C2	0x00F4      	MOVWF      R4
0x00C3	0x3003      	MOVLW      3
0x00C4	0x00F5      	MOVWF      R4+1
0x00C5	0x0824      	MOVF       FARG_Led7_Quartet_number, 0
0x00C6	0x00F0      	MOVWF      R0
0x00C7	0x0825      	MOVF       FARG_Led7_Quartet_number+1, 0
0x00C8	0x00F1      	MOVWF      R0+1
0x00C9	0x2036      	CALL       _Div_16x16_S
0x00CA	0x0878      	MOVF       R8, 0
0x00CB	0x00F0      	MOVWF      R0
0x00CC	0x0879      	MOVF       R8+1, 0
0x00CD	0x00F1      	MOVWF      R0+1
0x00CE	0x0870      	MOVF       R0, 0
0x00CF	0x00AC      	MOVWF      FLOC__Led7_Quartet
0x00D0	0x0871      	MOVF       R0+1, 0
0x00D1	0x00AD      	MOVWF      FLOC__Led7_Quartet+1
0x00D2	0x3064      	MOVLW      100
0x00D3	0x00F4      	MOVWF      R4
0x00D4	0x3000      	MOVLW      0
0x00D5	0x00F5      	MOVWF      R4+1
0x00D6	0x082C      	MOVF       FLOC__Led7_Quartet, 0
0x00D7	0x00F0      	MOVWF      R0
0x00D8	0x082D      	MOVF       FLOC__Led7_Quartet+1, 0
0x00D9	0x00F1      	MOVWF      R0+1
0x00DA	0x2036      	CALL       _Div_16x16_S
;led7Seg.c,33 :: 		int hangTram = (number % 1000) / 100;
0x00DB	0x0870      	MOVF       R0, 0
0x00DC	0x00A6      	MOVWF      Led7_Quartet_hangTram_L0
0x00DD	0x0871      	MOVF       R0+1, 0
0x00DE	0x00A7      	MOVWF      Led7_Quartet_hangTram_L0+1
;led7Seg.c,34 :: 		int hangChuc = ((number % 1000) % 100) / 10;
0x00DF	0x3064      	MOVLW      100
0x00E0	0x00F4      	MOVWF      R4
0x00E1	0x3000      	MOVLW      0
0x00E2	0x00F5      	MOVWF      R4+1
0x00E3	0x082C      	MOVF       FLOC__Led7_Quartet, 0
0x00E4	0x00F0      	MOVWF      R0
0x00E5	0x082D      	MOVF       FLOC__Led7_Quartet+1, 0
0x00E6	0x00F1      	MOVWF      R0+1
0x00E7	0x2036      	CALL       _Div_16x16_S
0x00E8	0x0878      	MOVF       R8, 0
0x00E9	0x00F0      	MOVWF      R0
0x00EA	0x0879      	MOVF       R8+1, 0
0x00EB	0x00F1      	MOVWF      R0+1
0x00EC	0x0870      	MOVF       R0, 0
0x00ED	0x00AC      	MOVWF      FLOC__Led7_Quartet
0x00EE	0x0871      	MOVF       R0+1, 0
0x00EF	0x00AD      	MOVWF      FLOC__Led7_Quartet+1
0x00F0	0x300A      	MOVLW      10
0x00F1	0x00F4      	MOVWF      R4
0x00F2	0x3000      	MOVLW      0
0x00F3	0x00F5      	MOVWF      R4+1
0x00F4	0x082C      	MOVF       FLOC__Led7_Quartet, 0
0x00F5	0x00F0      	MOVWF      R0
0x00F6	0x082D      	MOVF       FLOC__Led7_Quartet+1, 0
0x00F7	0x00F1      	MOVWF      R0+1
0x00F8	0x2036      	CALL       _Div_16x16_S
0x00F9	0x0870      	MOVF       R0, 0
0x00FA	0x00A8      	MOVWF      Led7_Quartet_hangChuc_L0
0x00FB	0x0871      	MOVF       R0+1, 0
0x00FC	0x00A9      	MOVWF      Led7_Quartet_hangChuc_L0+1
;led7Seg.c,35 :: 		int hangDonVi = ((number % 1000) % 100) % 10;
0x00FD	0x300A      	MOVLW      10
0x00FE	0x00F4      	MOVWF      R4
0x00FF	0x3000      	MOVLW      0
0x0100	0x00F5      	MOVWF      R4+1
0x0101	0x082C      	MOVF       FLOC__Led7_Quartet, 0
0x0102	0x00F0      	MOVWF      R0
0x0103	0x082D      	MOVF       FLOC__Led7_Quartet+1, 0
0x0104	0x00F1      	MOVWF      R0+1
0x0105	0x2036      	CALL       _Div_16x16_S
0x0106	0x0878      	MOVF       R8, 0
0x0107	0x00F0      	MOVWF      R0
0x0108	0x0879      	MOVF       R8+1, 0
0x0109	0x00F1      	MOVWF      R0+1
0x010A	0x0870      	MOVF       R0, 0
0x010B	0x00AA      	MOVWF      Led7_Quartet_hangDonVi_L0
0x010C	0x0871      	MOVF       R0+1, 0
0x010D	0x00AB      	MOVWF      Led7_Quartet_hangDonVi_L0+1
;led7Seg.c,37 :: 		Hien_Thi_ChuSo(hangNghin);
0x010E	0x082E      	MOVF       FLOC__Led7_Quartet+2, 0
0x010F	0x00B0      	MOVWF      FARG_Hien_Thi_ChuSo_number
0x0110	0x082F      	MOVF       FLOC__Led7_Quartet+3, 0
0x0111	0x00B1      	MOVWF      FARG_Hien_Thi_ChuSo_number+1
0x0112	0x209F      	CALL       _Hien_Thi_ChuSo
;led7Seg.c,38 :: 		led1 = 1;
0x0113	0x1607      	BSF        PORTC, 4
;led7Seg.c,39 :: 		Delay_ms(1);
0x0114	0x3003      	MOVLW      3
0x0115	0x00FC      	MOVWF      R12
0x0116	0x3097      	MOVLW      151
0x0117	0x00FD      	MOVWF      R13
L_Led7_Quartet2:
0x0118	0x0BFD      	DECFSZ     R13, 1
0x0119	0x2918      	GOTO       L_Led7_Quartet2
0x011A	0x0BFC      	DECFSZ     R12, 1
0x011B	0x2918      	GOTO       L_Led7_Quartet2
0x011C	0x0000      	NOP
0x011D	0x0000      	NOP
;led7Seg.c,40 :: 		led1 = 0;
0x011E	0x1207      	BCF        PORTC, 4
;led7Seg.c,42 :: 		Hien_Thi_ChuSo(hangTram);
0x011F	0x0826      	MOVF       Led7_Quartet_hangTram_L0, 0
0x0120	0x00B0      	MOVWF      FARG_Hien_Thi_ChuSo_number
0x0121	0x0827      	MOVF       Led7_Quartet_hangTram_L0+1, 0
0x0122	0x00B1      	MOVWF      FARG_Hien_Thi_ChuSo_number+1
0x0123	0x209F      	CALL       _Hien_Thi_ChuSo
;led7Seg.c,43 :: 		led2 = 1;
0x0124	0x1687      	BSF        PORTC, 5
;led7Seg.c,44 :: 		Delay_ms(1);
0x0125	0x3003      	MOVLW      3
0x0126	0x00FC      	MOVWF      R12
0x0127	0x3097      	MOVLW      151
0x0128	0x00FD      	MOVWF      R13
L_Led7_Quartet3:
0x0129	0x0BFD      	DECFSZ     R13, 1
0x012A	0x2929      	GOTO       L_Led7_Quartet3
0x012B	0x0BFC      	DECFSZ     R12, 1
0x012C	0x2929      	GOTO       L_Led7_Quartet3
0x012D	0x0000      	NOP
0x012E	0x0000      	NOP
;led7Seg.c,45 :: 		led2 = 0;
0x012F	0x1287      	BCF        PORTC, 5
;led7Seg.c,47 :: 		Hien_Thi_ChuSo(hangChuc);
0x0130	0x0828      	MOVF       Led7_Quartet_hangChuc_L0, 0
0x0131	0x00B0      	MOVWF      FARG_Hien_Thi_ChuSo_number
0x0132	0x0829      	MOVF       Led7_Quartet_hangChuc_L0+1, 0
0x0133	0x00B1      	MOVWF      FARG_Hien_Thi_ChuSo_number+1
0x0134	0x209F      	CALL       _Hien_Thi_ChuSo
;led7Seg.c,48 :: 		led3 = 1;
0x0135	0x1707      	BSF        PORTC, 6
;led7Seg.c,49 :: 		Delay_ms(1);
0x0136	0x3003      	MOVLW      3
0x0137	0x00FC      	MOVWF      R12
0x0138	0x3097      	MOVLW      151
0x0139	0x00FD      	MOVWF      R13
L_Led7_Quartet4:
0x013A	0x0BFD      	DECFSZ     R13, 1
0x013B	0x293A      	GOTO       L_Led7_Quartet4
0x013C	0x0BFC      	DECFSZ     R12, 1
0x013D	0x293A      	GOTO       L_Led7_Quartet4
0x013E	0x0000      	NOP
0x013F	0x0000      	NOP
;led7Seg.c,50 :: 		led3 = 0;
0x0140	0x1307      	BCF        PORTC, 6
;led7Seg.c,52 :: 		Hien_Thi_ChuSo(hangDonVi);
0x0141	0x082A      	MOVF       Led7_Quartet_hangDonVi_L0, 0
0x0142	0x00B0      	MOVWF      FARG_Hien_Thi_ChuSo_number
0x0143	0x082B      	MOVF       Led7_Quartet_hangDonVi_L0+1, 0
0x0144	0x00B1      	MOVWF      FARG_Hien_Thi_ChuSo_number+1
0x0145	0x209F      	CALL       _Hien_Thi_ChuSo
;led7Seg.c,53 :: 		led4 = 1;
0x0146	0x1787      	BSF        PORTC, 7
;led7Seg.c,54 :: 		Delay_ms(1);
0x0147	0x3003      	MOVLW      3
0x0148	0x00FC      	MOVWF      R12
0x0149	0x3097      	MOVLW      151
0x014A	0x00FD      	MOVWF      R13
L_Led7_Quartet5:
0x014B	0x0BFD      	DECFSZ     R13, 1
0x014C	0x294B      	GOTO       L_Led7_Quartet5
0x014D	0x0BFC      	DECFSZ     R12, 1
0x014E	0x294B      	GOTO       L_Led7_Quartet5
0x014F	0x0000      	NOP
0x0150	0x0000      	NOP
;led7Seg.c,55 :: 		led4 = 0;
0x0151	0x1387      	BCF        PORTC, 7
;led7Seg.c,56 :: 		}
L_end_Led7_Quartet:
0x0152	0x0008      	RETURN
; end of _Led7_Quartet
_main:
;main.c,3 :: 		void main() {
;main.c,6 :: 		TRISC = 0x0F;
0x0153	0x300F      	MOVLW      15
0x0154	0x1683      	BSF        STATUS, 5
0x0155	0x1303      	BCF        STATUS, 6
0x0156	0x0087      	MOVWF      TRISC
;main.c,7 :: 		TRISD = 0x00;
0x0157	0x0188      	CLRF       TRISD
;main.c,10 :: 		T1CON.B1 = 1; //counter mode
0x0158	0x1283      	BCF        STATUS, 5
0x0159	0x1490      	BSF        T1CON, 1
;main.c,11 :: 		T1CON.B4 = T1CON.B5 = 0; //prescale 1:1
0x015A	0x1290      	BCF        T1CON, 5
0x015B	0x1A90      	BTFSC      T1CON, 5
0x015C	0x295F      	GOTO       L__main3
0x015D	0x1210      	BCF        T1CON, 4
0x015E	0x2960      	GOTO       L__main4
L__main3:
0x015F	0x1610      	BSF        T1CON, 4
L__main4:
;main.c,13 :: 		TMR1H = TMR1L = 0;
0x0160	0x018E      	CLRF       TMR1L
0x0161	0x080E      	MOVF       TMR1L, 0
0x0162	0x008F      	MOVWF      TMR1H
;main.c,14 :: 		T1CON.B0 = 1; //enable timer 1
0x0163	0x1410      	BSF        T1CON, 0
;main.c,16 :: 		while(1)
L_main0:
;main.c,18 :: 		count = TMR1H;
0x0164	0x080F      	MOVF       TMR1H, 0
0x0165	0x00A2      	MOVWF      main_count_L0
0x0166	0x01A3      	CLRF       main_count_L0+1
;main.c,19 :: 		count <<= 8;
0x0167	0x0822      	MOVF       main_count_L0, 0
0x0168	0x00F1      	MOVWF      R0+1
0x0169	0x01F0      	CLRF       R0
0x016A	0x0870      	MOVF       R0, 0
0x016B	0x00A2      	MOVWF      main_count_L0
0x016C	0x0871      	MOVF       R0+1, 0
0x016D	0x00A3      	MOVWF      main_count_L0+1
;main.c,20 :: 		count |= TMR1L;
0x016E	0x080E      	MOVF       TMR1L, 0
0x016F	0x04F0      	IORWF      R0, 1
0x0170	0x3000      	MOVLW      0
0x0171	0x04F1      	IORWF      R0+1, 1
0x0172	0x0870      	MOVF       R0, 0
0x0173	0x00A2      	MOVWF      main_count_L0
0x0174	0x0871      	MOVF       R0+1, 0
0x0175	0x00A3      	MOVWF      main_count_L0+1
;main.c,22 :: 		Led7_Quartet(count);
0x0176	0x0870      	MOVF       R0, 0
0x0177	0x00A4      	MOVWF      FARG_Led7_Quartet_number
0x0178	0x0871      	MOVF       R0+1, 0
0x0179	0x00A5      	MOVWF      FARG_Led7_Quartet_number+1
0x017A	0x20B2      	CALL       _Led7_Quartet
;main.c,23 :: 		}
0x017B	0x2964      	GOTO       L_main0
;main.c,25 :: 		}
L_end_main:
0x017C	0x297C      	GOTO       $+0
; end of _main
;led7Seg.c,6 :: _arr_number
0x017D	0x34C0 ;_arr_number+0
0x017E	0x34F9 ;_arr_number+1
0x017F	0x34A4 ;_arr_number+2
0x0180	0x34B0 ;_arr_number+3
0x0181	0x3499 ;_arr_number+4
0x0182	0x3492 ;_arr_number+5
0x0183	0x3482 ;_arr_number+6
0x0184	0x34F8 ;_arr_number+7
0x0185	0x3480 ;_arr_number+8
0x0186	0x3490 ;_arr_number+9
; end of _arr_number
Symbol List:
//** Routines locations **
//ADDRESS    SIZE    PROCEDURE
//----------------------------------------------
0x0003       [7]    _____DoICP
0x000A      [44]    _Div_16x16_S_L
0x0036     [105]    _Div_16x16_S
0x009F      [19]    _Hien_Thi_ChuSo
0x00B2     [161]    _Led7_Quartet
0x0153      [42]    _main
//** Variables locations ** 
//ADDRESS    SIZE    VARIABLE
//----------------------------------------------
0x0000       [1]    INDF
0x0002       [1]    PCL
0x0003       [1]    STATUS
0x0004       [1]    FSR
0x0007       [0]    led4
0x0007       [0]    led3
0x0007       [1]    PORTC
0x0007       [0]    led2
0x0007       [0]    led1
0x0008       [1]    PORTD
0x000A       [1]    PCLATH
0x000E       [1]    TMR1L
0x000F       [1]    TMR1H
0x0010       [1]    T1CON
0x0020       [2]    ___DoICPAddr
0x0022       [2]    main_count_L0
0x0024       [2]    FARG_Led7_Quartet_number
0x0026       [2]    Led7_Quartet_hangTram_L0
0x0028       [2]    Led7_Quartet_hangChuc_L0
0x002A       [2]    Led7_Quartet_hangDonVi_L0
0x002C       [4]    FLOC__Led7_Quartet
0x0030       [2]    FARG_Hien_Thi_ChuSo_number
0x0070       [1]    R0
0x0071       [1]    R1
0x0072       [1]    R2
0x0073       [1]    R3
0x0074       [1]    R4
0x0075       [1]    R5
0x0076       [1]    R6
0x0077       [1]    R7
0x0078       [1]    R8
0x0079       [1]    R9
0x007A       [1]    R10
0x007B       [1]    R11
0x007C       [1]    R12
0x007D       [1]    R13
0x007E       [1]    R14
0x007F       [1]    R15
0x0087       [1]    TRISC
0x0088       [1]    TRISD
//** Constants locations ** 
//ADDRESS    SIZE    CONSTANT
//----------------------------------------------
0x017D      [10]    _arr_number
