0	1	mikroCPIC1618.exe -MSF -DBG -pP16F877A -GC -DL -O11111114 -fo8 -N"D:\Hoc_PIC\Code_Begin\CamBienNhietDo_GLCD\LM35_GLCD.mcppi" -SP"C:\Users\Public\Documents\Mikroelektronika\mikroC PRO for PIC\Defs\" -SP"C:\Users\Public\Documents\Mikroelektronika\mikroC PRO for PIC\Uses\P16\" -SP"D:\Hoc_PIC\Code_Begin\CamBienNhietDo_GLCD\" -IP"C:\Users\Public\Documents\Mikroelektronika\mikroC PRO for PIC\Uses\P16\" "main.c" "myGLCD.c" "adc_lib.c" "__Lib_Math.mcl" "__Lib_MathDouble.mcl" "__Lib_System.mcl" "__Lib_Delays.mcl" "__Lib_CType.mcl" "__Lib_Sprinti.mcl"	 
hint: 0	1139	Available RAM: 352 [bytes], Available ROM: 8192 [bytes]	 
diagnostics: 0	122	Compilation Started	myglcd.h
diagnostics: 30	123	Compiled Successfully	main.c
hint: 5	1164	Variable 'temp' has been eliminated by optimizer	main.c
hint: 5	1164	Variable 'volt' has been eliminated by optimizer	main.c
hint: 7	1164	Variable 'temp_display1' has been eliminated by optimizer	main.c
hint: 7	1164	Variable 'adc_input' has been eliminated by optimizer	main.c
diagnostics: 0	122	Compilation Started	myGLCD.c
diagnostics: 216	123	Compiled Successfully	myGLCD.c
hint: 200	1164	Variable 'i' has been eliminated by optimizer	myGLCD.c
diagnostics: 0	122	Compilation Started	adc_lib.c
diagnostics: 15	123	Compiled Successfully	adc_lib.c
diagnostics: 0	127	All files Compiled in 204 ms	 
hint: 0	1144	Used RAM (bytes): 55 (16%)  Free RAM (bytes): 297 (84%)	Used RAM (bytes): 55 (16%)  Free RAM (bytes): 297 (84%)
hint: 0	1144	Used ROM (program words): 3916 (48%)  Free ROM (program words): 4276 (52%)	Used ROM (program words): 3916 (48%)  Free ROM (program words): 4276 (52%)
diagnostics: 0	125	Project Linked Successfully	LM35_GLCD.mcppi
hint: 0	1004	COFF file successfully generated	COFF file successfully generated
diagnostics: 0	128	Linked in 234 ms	 
diagnostics: 0	129	Project 'LM35_GLCD.mcppi' completed: 453 ms	 
diagnostics: 0	103	Finished successfully: 25 Jul 2020, 21:25:36	LM35_GLCD.mcppi
